This is XeTeX, Version 3.1415926-2.5-0.9999.3 (MiKTeX 2.9 64-bit) (preloaded format=xelatex 2015.3.3)  1 MAY 2015 17:28
entering extended mode
**KeyStats.tex
("H:\My Documents\Git_Clone\KeyStats\knitr\KeyStats.tex"
LaTeX2e <2011/06/27>
Babel <3.9l> and hyphenation patterns for 68 languages loaded.
(P:/MiKTeX/libraries/mbie-template-release/mbie-article.cls
(P:/MiKTeX/libraries/miktex-portable-current/tex\latex\base\article.cls
Document Class: article 2007/10/19 v1.4h Standard LaTeX document class
(P:/MiKTeX/libraries/miktex-portable-current/tex\latex\base\size10.clo
File: size10.clo 2007/10/19 v1.4h Standard LaTeX file (size option)
)
\c@part=\count80
\c@section=\count81
\c@subsection=\count82
\c@subsubsection=\count83
\c@paragraph=\count84
\c@subparagraph=\count85
\c@figure=\count86
\c@table=\count87
\abovecaptionskip=\skip41
\belowcaptionskip=\skip42
\bibindent=\dimen102
)
(P:/MiKTeX/libraries/miktex-portable-current/tex\latex\etoolbox\etoolbox.sty
Package: etoolbox 2011/01/03 v2.1 e-TeX tools for LaTeX

(P:/MiKTeX/libraries/miktex-portable-current/tex\latex\misc\etex.sty
Package: etex 1998/03/26 v2.0 eTeX basic definition package (PEB)
\et@xins=\count88
)
\etb@tempcnta=\count89
)
(P:/MiKTeX/libraries/miktex-portable-current/tex\latex\eso-pic\eso-pic.sty
Package: eso-pic 2013/10/06 v2.0d eso-pic (RN)

(P:/MiKTeX/libraries/miktex-portable-current/tex\generic\oberdiek\atbegshi.sty
Package: atbegshi 2011/10/05 v1.16 At begin shipout hook (HO)

(P:/MiKTeX/libraries/miktex-portable-current/tex\generic\oberdiek\infwarerr.sty
Package: infwarerr 2010/04/08 v1.3 Providing info/warning/error messages (HO)
) (P:/MiKTeX/libraries/miktex-portable-current/tex\generic\oberdiek\ltxcmds.sty
Package: ltxcmds 2011/11/09 v1.22 LaTeX kernel commands for general use (HO)
) (P:/MiKTeX/libraries/miktex-portable-current/tex\generic\oberdiek\ifpdf.sty
Package: ifpdf 2011/01/30 v2.3 Provides the ifpdf switch (HO)
Package ifpdf Info: pdfTeX in PDF mode is not detected.
)) (P:/MiKTeX/libraries/miktex-portable-current/tex\latex\graphics\keyval.sty
Package: keyval 1999/03/16 v1.13 key=value parser (DPC)
\KV@toks@=\toks14
)
(P:/MiKTeX/libraries/miktex-portable-current/tex\latex\xcolor\xcolor.sty
Package: xcolor 2007/01/21 v2.11 LaTeX color extensions (UK)

(P:/MiKTeX/libraries/miktex-portable-current/tex\latex\00miktex\color.cfg
File: color.cfg 2007/01/18 v1.5 color configuration of teTeX/TeXLive
)
Package xcolor Info: Driver file: xetex.def on input line 225.

(P:/MiKTeX/libraries/miktex-portable-current/tex\xelatex\xetex-def\xetex.def
File: xetex.def 2014/04/28 v4.01 LaTeX color/graphics driver for XeTeX (RRM/JK)

)
Package xcolor Info: Model `cmy' substituted by `cmy0' on input line 1337.
Package xcolor Info: Model `RGB' extended on input line 1353.
Package xcolor Info: Model `HTML' substituted by `rgb' on input line 1355.
Package xcolor Info: Model `Hsb' substituted by `hsb' on input line 1356.
Package xcolor Info: Model `tHsb' substituted by `hsb' on input line 1357.
Package xcolor Info: Model `HSB' substituted by `hsb' on input line 1358.
Package xcolor Info: Model `Gray' substituted by `gray' on input line 1359.
Package xcolor Info: Model `wave' substituted by `hsb' on input line 1360.
)) (P:/MiKTeX/libraries/miktex-portable-current/tex\latex\fontspec\fontspec.sty
Package: fontspec 2013/05/20 v2.3c Font selection for XeLaTeX and LuaLaTeX

(P:/MiKTeX/libraries/miktex-portable-current/tex\latex\l3kernel\expl3.sty
Package: expl3 2014/06/10 v5105 L3 programming layer (loader) 

(P:/MiKTeX/libraries/miktex-portable-current/tex\latex\l3kernel\expl3-code.tex
Package: expl3 2014/06/10 v5105 L3 programming layer (code) 
L3 Module: l3bootstrap 2014/05/26 v4889 L3 Bootstrap code
L3 Module: l3names 2014/06/02 v4993 L3 Namespace for primitives
L3 Module: l3basics 2014/06/04 v5033 L3 Basic definitions
L3 Module: l3expan 2014/04/30 v4712 L3 Argument expansion
L3 Module: l3tl 2014/06/06 v5070 L3 Token lists
L3 Module: l3seq 2014/04/30 v4712 L3 Sequences and stacks
L3 Module: l3int 2014/05/31 v4966 L3 Integers
\c_max_int=\count90
\l_tmpa_int=\count91
\l_tmpb_int=\count92
\g_tmpa_int=\count93
\g_tmpb_int=\count94
L3 Module: l3quark 2014/05/26 v4889 L3 Quarks
L3 Module: l3prg 2014/05/04 v4728 L3 Control structures
\g__prg_map_int=\count95
L3 Module: l3clist 2014/05/04 v4728 L3 Comma separated lists
L3 Module: l3token 2014/05/26 v4889 L3 Experimental token manipulation
L3 Module: l3prop 2014/04/30 v4712 L3 Property lists
L3 Module: l3msg 2014/05/30 v4943 L3 Messages
L3 Module: l3file 2014/05/26 v4890 L3 File and I/O operations
\l_iow_line_count_int=\count96
\l__iow_target_count_int=\count97
\l__iow_current_line_int=\count98
\l__iow_current_word_int=\count99
\l__iow_current_indentation_int=\count100
L3 Module: l3skip 2014/05/31 v4972 L3 Dimensions and skips
\c_zero_dim=\dimen103
\c_max_dim=\dimen104
\l_tmpa_dim=\dimen105
\l_tmpb_dim=\dimen106
\g_tmpa_dim=\dimen107
\g_tmpb_dim=\dimen108
\c_zero_skip=\skip43
\c_max_skip=\skip44
\l_tmpa_skip=\skip45
\l_tmpb_skip=\skip46
\g_tmpa_skip=\skip47
\g_tmpb_skip=\skip48
\c_zero_muskip=\muskip10
\c_max_muskip=\muskip11
\l_tmpa_muskip=\muskip12
\l_tmpb_muskip=\muskip13
\g_tmpa_muskip=\muskip14
\g_tmpb_muskip=\muskip15
L3 Module: l3keys 2014/06/08 v5093 L3 Key-value interfaces
\g__keyval_level_int=\count101
\l_keys_choice_int=\count102
L3 Module: l3fp 2014/04/30 v4712 L3 Floating points
\c__fp_leading_shift_int=\count103
\c__fp_middle_shift_int=\count104
\c__fp_trailing_shift_int=\count105
\c__fp_big_leading_shift_int=\count106
\c__fp_big_middle_shift_int=\count107
\c__fp_big_trailing_shift_int=\count108
\c__fp_Bigg_leading_shift_int=\count109
\c__fp_Bigg_middle_shift_int=\count110
\c__fp_Bigg_trailing_shift_int=\count111
L3 Module: l3box 2014/05/31 v4974 L3 Experimental boxes
\c_empty_box=\box26
\l_tmpa_box=\box27
\l_tmpb_box=\box28
\g_tmpa_box=\box29
\g_tmpb_box=\box30
L3 Module: l3coffins 2014/05/28 v4899 L3 Coffin code layer
\l__coffin_internal_box=\box31
\l__coffin_internal_dim=\dimen109
\l__coffin_offset_x_dim=\dimen110
\l__coffin_offset_y_dim=\dimen111
\l__coffin_x_dim=\dimen112
\l__coffin_y_dim=\dimen113
\l__coffin_x_prime_dim=\dimen114
\l__coffin_y_prime_dim=\dimen115
\c_empty_coffin=\box32
\l__coffin_aligned_coffin=\box33
\l__coffin_aligned_internal_coffin=\box34
\l_tmpa_coffin=\box35
\l_tmpb_coffin=\box36
\l__coffin_display_coffin=\box37
\l__coffin_display_coord_coffin=\box38
\l__coffin_display_pole_coffin=\box39
\l__coffin_display_offset_dim=\dimen116
\l__coffin_display_x_dim=\dimen117
\l__coffin_display_y_dim=\dimen118
L3 Module: l3color 2014/04/30 v4712 L3 Experimental color support
L3 Module: l3candidates 2014/05/31 v4972 L3 Experimental additions to l3kernel
\l__box_top_dim=\dimen119
\l__box_bottom_dim=\dimen120
\l__box_left_dim=\dimen121
\l__box_right_dim=\dimen122
\l__box_top_new_dim=\dimen123
\l__box_bottom_new_dim=\dimen124
\l__box_left_new_dim=\dimen125
\l__box_right_new_dim=\dimen126
\l__box_internal_box=\box40
\l__coffin_bounding_shift_dim=\dimen127
\l__coffin_left_corner_dim=\dimen128
\l__coffin_right_corner_dim=\dimen129
\l__coffin_bottom_corner_dim=\dimen130
\l__coffin_top_corner_dim=\dimen131
\l__coffin_scaled_total_height_dim=\dimen132
\l__coffin_scaled_width_dim=\dimen133
)
(P:/MiKTeX/libraries/miktex-portable-current/tex\latex\l3kernel\l3xdvipdfmx.def
File: l3xdvidpfmx.def 2014/05/06 v4748 L3 Experimental driver: xdvipdfmx
))
(P:/MiKTeX/libraries/miktex-portable-current/tex\latex\l3packages\xparse\xparse
.sty
Package: xparse 2014/06/10 v5105 L3 Experimental document command parser
\l__xparse_current_arg_int=\count112
\l__xparse_m_args_int=\count113
\l__xparse_mandatory_args_int=\count114
\l__xparse_processor_int=\count115
\l__xparse_v_nesting_int=\count116
)
\l_fontspec_script_int=\count117
\l_fontspec_language_int=\count118
\l_fontspec_strnum_int=\count119
\l_fontspec_tmpa_dim=\dimen134
\l_fontspec_tmpb_dim=\dimen135
\l_fontspec_tmpc_dim=\dimen136
Variant \tl_gset:cV already defined; not changing it on line 69

(P:/MiKTeX/libraries/miktex-portable-current/tex\latex\fontspec\fontspec-patche
s.sty
Package: fontspec-patches 2013/05/20 v2.3c Font selection for XeLaTeX and LuaLa
TeX
 (P:/MiKTeX/libraries/miktex-portable-current/tex\latex\base\fixltx2e.sty
Package: fixltx2e 2006/09/13 v1.1m fixes to LaTeX
LaTeX Info: Redefining \em on input line 420.
)
LaTeX Info: Redefining \em on input line 22.
LaTeX Info: Redefining \emph on input line 30.
LaTeX Info: Redefining \- on input line 33.
*************************************************
* LaTeX warning: "xparse/redefine-command"
* 
* Redefining document command \oldstylenums with arg. spec. 'm' on line 128.
*************************************************
.................................................
. LaTeX info: "xparse/define-command"
. 
. Defining document command \liningnums with arg. spec. 'm' on line 132.
.................................................
)
(P:/MiKTeX/libraries/miktex-portable-current/tex\latex\fontspec\fontspec-xetex.
sty
Package: fontspec-xetex 2013/05/20 v2.3c Font selection for XeLaTeX and LuaLaTe
X
 (P:/MiKTeX/libraries/miktex-portable-current/tex\latex\base\fontenc.sty
Package: fontenc 2005/09/27 v1.99g Standard LaTeX package

(P:/MiKTeX/libraries/miktex-portable-current/tex\latex\euenc\eu1enc.def
File: eu1enc.def 2010/05/27 v0.1h Experimental Unicode font encodings
)
LaTeX Font Info:    Try loading font information for EU1+lmr on input line 100.


(P:/MiKTeX/libraries/miktex-portable-current/tex\latex\euenc\eu1lmr.fd
File: eu1lmr.fd 2009/10/30 v1.6 Font defs for Latin Modern
)
Requested font "[lmroman10-regular]:mapping=tex-text" at 10.0pt
 -> P:/MiKTeX/libraries/miktex-portable-current/fonts/opentype/public/lm/lmroma
n10-regular.otf
)
(P:/MiKTeX/libraries/miktex-portable-current/tex\xelatex\xunicode\xunicode.sty
File: xunicode.sty 2011/09/09 v0.981 provides access to latin accents and many 
other characters in Unicode lower plane

(P:/MiKTeX/libraries/miktex-portable-current/tex\latex\tipa\t3enc.def
File: t3enc.def 2001/12/31 T3 encoding
Requested font "[lmromanslant10-regular]:mapping=tex-text" at 10.0pt
 -> P:/MiKTeX/libraries/miktex-portable-current/fonts/opentype/public/lm/lmroma
nslant10-regular.otf
Requested font "[lmroman10-italic]:mapping=tex-text" at 10.0pt
 -> P:/MiKTeX/libraries/miktex-portable-current/fonts/opentype/public/lm/lmroma
n10-italic.otf
Requested font "[lmroman10-bold]:mapping=tex-text" at 10.0pt
 -> P:/MiKTeX/libraries/miktex-portable-current/fonts/opentype/public/lm/lmroma
n10-bold.otf
LaTeX Font Info:    Try loading font information for EU1+lmss on input line 357
.

(P:/MiKTeX/libraries/miktex-portable-current/tex\latex\euenc\eu1lmss.fd
File: eu1lmss.fd 2009/10/30 v1.6 Font defs for Latin Modern
)
Requested font "[lmsans10-regular]:mapping=tex-text" at 10.0pt
 -> P:/MiKTeX/libraries/miktex-portable-current/fonts/opentype/public/lm/lmsans
10-regular.otf
)
\tipaTiiicode=\count120
\tipasavetokens=\toks15
\tipachecktokens=\toks16

(P:/MiKTeX/libraries/miktex-portable-current/tex\latex\graphics\graphicx.sty
Package: graphicx 1999/02/16 v1.0f Enhanced LaTeX Graphics (DPC,SPQR)

(P:/MiKTeX/libraries/miktex-portable-current/tex\latex\graphics\graphics.sty
Package: graphics 2009/02/05 v1.0o Standard LaTeX Graphics (DPC,SPQR)

(P:/MiKTeX/libraries/miktex-portable-current/tex\latex\graphics\trig.sty
Package: trig 1999/03/16 v1.09 sin cos tan (DPC)
)
(P:/MiKTeX/libraries/miktex-portable-current/tex\latex\00miktex\graphics.cfg
File: graphics.cfg 2007/01/18 v1.5 graphics configuration of teTeX/TeXLive
)
Package graphics Info: Driver file: xetex.def on input line 91.
)
\Gin@req@height=\dimen137
\Gin@req@width=\dimen138
))
.................................................
. LaTeX info: "xparse/define-command"
. 
. Defining document command \fontspec with arg. spec. 'O{}m' on line 41.
.................................................
.................................................
. LaTeX info: "xparse/define-command"
. 
. Defining document command \setmainfont with arg. spec. 'O{}m' on line 46.
.................................................
.................................................
. LaTeX info: "xparse/define-command"
. 
. Defining document command \setsansfont with arg. spec. 'O{}m' on line 51.
.................................................
.................................................
. LaTeX info: "xparse/define-command"
. 
. Defining document command \setmonofont with arg. spec. 'O{}m' on line 56.
.................................................
.................................................
. LaTeX info: "xparse/define-command"
. 
. Defining document command \setmathrm with arg. spec. 'O{}m' on line 65.
.................................................
.................................................
. LaTeX info: "xparse/define-command"
. 
. Defining document command \setboldmathrm with arg. spec. 'O{}m' on line 69.
.................................................
.................................................
. LaTeX info: "xparse/define-command"
. 
. Defining document command \setmathsf with arg. spec. 'O{}m' on line 73.
.................................................
.................................................
. LaTeX info: "xparse/define-command"
. 
. Defining document command \setmathtt with arg. spec. 'O{}m' on line 77.
.................................................
.................................................
. LaTeX info: "xparse/define-command"
. 
. Defining document command \newfontfamily with arg. spec. 'mO{}m' on line 96.
.................................................
.................................................
. LaTeX info: "xparse/define-command"
. 
. Defining document command \newfontface with arg. spec. 'mO{}m' on line 100.
.................................................
.................................................
. LaTeX info: "xparse/define-command"
. 
. Defining document command \defaultfontfeatures with arg. spec. 'om' on line
. 108.
.................................................
.................................................
. LaTeX info: "xparse/define-command"
. 
. Defining document command \addfontfeatures with arg. spec. 'm' on line 144.
.................................................
.................................................
. LaTeX info: "xparse/define-command"
. 
. Defining document command \newfontfeature with arg. spec. 'mm' on line 156.
.................................................
.................................................
. LaTeX info: "xparse/define-command"
. 
. Defining document command \newAATfeature with arg. spec. 'mmmm' on line 164.
.................................................
.................................................
. LaTeX info: "xparse/define-command"
. 
. Defining document command \newICUfeature with arg. spec. 'mmm' on line 172.
.................................................
.................................................
. LaTeX info: "xparse/define-command"
. 
. Defining document command \aliasfontfeature with arg. spec. 'mm' on line
. 201.
.................................................
.................................................
. LaTeX info: "xparse/define-command"
. 
. Defining document command \aliasfontfeatureoption with arg. spec. 'mmm' on
. line 203.
.................................................
.................................................
. LaTeX info: "xparse/define-command"
. 
. Defining document command \newfontscript with arg. spec. 'mm' on line 208.
.................................................
.................................................
. LaTeX info: "xparse/define-command"
. 
. Defining document command \newfontlanguage with arg. spec. 'mm' on line 235.
.................................................
.................................................
. LaTeX info: "xparse/define-command"
. 
. Defining document command \DeclareFontsExtensions with arg. spec. 'm' on
. line 256.
.................................................
Variant \prop_gput:cnV already defined; not changing it on line 582
Variant \prop_gput:cnx already defined; not changing it on line 583
\l_fontspec_tmp_int=\count121
LaTeX Info: Redefining \itshape on input line 2087.
LaTeX Info: Redefining \slshape on input line 2092.
LaTeX Info: Redefining \scshape on input line 2097.
LaTeX Info: Redefining \upshape on input line 2102.
 (P:/MiKTeX/libraries/miktex-portable-current/tex\latex\fontspec\fontspec.cfg))
)
\g__file_internal_ior=\read1
Requested font "Calibri" at 10.0pt
 -> ¶^^C/Windows/Fonts/calibri.ttf
Requested font "Calibri/ICU" at 10.0pt
 -> é^^C/Windows/Fonts/calibri.ttf
\g_fontspec_family_Calibri_int=\count122
Requested font "Calibri/ICU" at 10.0pt
 -> ï^^C/Windows/Fonts/calibri.ttf
Requested font "Calibri Bold/ICU" at 10.0pt
 -> ò^^C/Windows/Fonts/calibrib.ttf
Requested font "Calibri Italic/ICU" at 10.0pt
 -> ø^^C/Windows/Fonts/calibrii.ttf
Requested font "Calibri Bold Italic/ICU" at 10.0pt
 -> ^^A^^D/Windows/Fonts/calibriz.ttf
.................................................
. fontspec info: "defining-font"
. 
. Font family 'Calibri(0)' created for font 'Calibri' with options
. [Mapping=tex-text, ItalicFont = {Calibri Italic}, BoldFont = {Calibri Bold},
. BoldItalicFont = {Calibri Bold Italic}].
. 
. This font family consists of the following shapes:
. 
. * 'normal' with NFSS spec.:
. <->"Calibri/ICU:script=latn;language=DFLT;mapping=tex-text;"
. 
. * 'small caps' with NFSS spec.:
. <->"Calibri/ICU:script=latn;language=DFLT;mapping=tex-text;+smcp;"
. 
. * 'bold' with NFSS spec.:
. <->"Calibri Bold/ICU:script=latn;language=DFLT;mapping=tex-text;"
. 
. * 'bold small caps' with NFSS spec.:
. <->"Calibri Bold/ICU:script=latn;language=DFLT;mapping=tex-text;+smcp;"
. 
. * 'italic' with NFSS spec.:
. <->"Calibri Italic/ICU:script=latn;language=DFLT;mapping=tex-text;"
. 
. * 'italic small caps' with NFSS spec.:
. <->"Calibri Italic/ICU:script=latn;language=DFLT;mapping=tex-text;+smcp;"
. 
. * 'bold italic' with NFSS spec.:
. <->"Calibri Bold Italic/ICU:script=latn;language=DFLT;mapping=tex-text;"
. 
. * 'bold italic small caps' with NFSS spec.:
. <->"Calibri Bold
. Italic/ICU:script=latn;language=DFLT;mapping=tex-text;+smcp;"
.................................................
Requested font "Georgia" at 10.0pt
 -> ^^82^^D/Windows/Fonts/georgia.ttf
Requested font "Georgia/ICU" at 10.0pt
 -> L^^D/Windows/Fonts/georgia.ttf
\g_fontspec_family_Georgia_int=\count123
Requested font "Georgia/ICU" at 10.0pt
 -> ^^9d^^D/Windows/Fonts/georgia.ttf
Requested font "Georgia Bold/ICU" at 10.0pt
 -> ^^9d^^D/Windows/Fonts/georgiab.ttf
Requested font "Georgia Italic/ICU" at 10.0pt
 -> s^^D/Windows/Fonts/georgiai.ttf
Requested font "Georgia Bold Italic/ICU" at 10.0pt
 -> F^^D/Windows/Fonts/georgiaz.ttf
.................................................
. fontspec info: "defining-font"
. 
. Font family 'Georgia(0)' created for font 'Georgia' with options
. [Mapping=tex-text, ItalicFont = {Georgia Italic}, BoldFont = {Georgia Bold},
. BoldItalicFont = {Georgia Bold Italic}].
. 
. This font family consists of the following shapes:
. 
. * 'normal' with NFSS spec.:
. <->"Georgia/ICU:script=latn;language=DFLT;mapping=tex-text;"
. 
. * 'bold' with NFSS spec.:
. <->"Georgia Bold/ICU:script=latn;language=DFLT;mapping=tex-text;"
. 
. * 'italic' with NFSS spec.:
. <->"Georgia Italic/ICU:script=latn;language=DFLT;mapping=tex-text;"
. 
. * 'bold italic' with NFSS spec.:
. <->"Georgia Bold Italic/ICU:script=latn;language=DFLT;mapping=tex-text;"
.................................................
Requested font "Georgia/ICU:script=latn;language=DFLT;mapping=tex-text;" at 10.
0pt
 -> "^^D/Windows/Fonts/georgia.ttf
Requested font "Georgia/ICU" at 10.0pt
 -> î^^D/Windows/Fonts/georgia.ttf
.................................................
. fontspec info: "defining-font"
. 
. Font family 'Georgia(0)' created for font 'Georgia' with options
. [Mapping=tex-text, ItalicFont = {Georgia Italic}, BoldFont = {Georgia Bold},
. BoldItalicFont = {Georgia Bold Italic}].
. 
. This font family consists of the following shapes:
.................................................
Requested font "Calibri/ICU" at 10.0pt
 -> ß^^D/Windows/Fonts/calibri.ttf
.................................................
. fontspec info: "defining-font"
. 
. Font family 'Calibri(0)' created for font 'Calibri' with options
. [Mapping=tex-text, ItalicFont = {Calibri Italic}, BoldFont = {Calibri Bold},
. BoldItalicFont = {Calibri Bold Italic}].
. 
. This font family consists of the following shapes:
.................................................
Requested font "Calibri/ICU" at 10.0pt
 -> 
.................................................
. fontspec info: "defining-font"
. 
. Font family 'Calibri(0)' created for font 'Calibri' with options
. [Mapping=tex-text, ItalicFont = {Calibri Italic}, BoldFont = {Calibri Bold},
. BoldItalicFont = {Calibri Bold Italic}].
. 
. This font family consists of the following shapes:
.................................................
 (P:/MiKTeX/libraries/miktex-portable-current/tex\latex\amsmath\amsmath.sty
Package: amsmath 2013/01/14 v2.14 AMS math features
\@mathmargin=\skip49

For additional information on amsmath, use the `?' option.
(P:/MiKTeX/libraries/miktex-portable-current/tex\latex\amsmath\amstext.sty
Package: amstext 2000/06/29 v2.01

(P:/MiKTeX/libraries/miktex-portable-current/tex\latex\amsmath\amsgen.sty
File: amsgen.sty 1999/11/30 v2.0
\@emptytoks=\toks17
\ex@=\dimen139
))
(P:/MiKTeX/libraries/miktex-portable-current/tex\latex\amsmath\amsbsy.sty
Package: amsbsy 1999/11/29 v1.2d
\pmbraise@=\dimen140
)
(P:/MiKTeX/libraries/miktex-portable-current/tex\latex\amsmath\amsopn.sty
Package: amsopn 1999/12/14 v2.01 operator names
)
\inf@bad=\count124
LaTeX Info: Redefining \frac on input line 210.
\uproot@=\count125
\leftroot@=\count126
LaTeX Info: Redefining \overline on input line 306.
\classnum@=\count127
\DOTSCASE@=\count128
LaTeX Info: Redefining \ldots on input line 378.
LaTeX Info: Redefining \dots on input line 381.
LaTeX Info: Redefining \cdots on input line 466.
\Mathstrutbox@=\box41
\strutbox@=\box42
\big@size=\dimen141
LaTeX Font Info:    Redeclaring font encoding OML on input line 566.
LaTeX Font Info:    Redeclaring font encoding OMS on input line 567.
\macc@depth=\count129
\c@MaxMatrixCols=\count130
\dotsspace@=\muskip16
\c@parentequation=\count131
\dspbrk@lvl=\count132
\tag@help=\toks18
\row@=\count133
\column@=\count134
\maxfields@=\count135
\andhelp@=\toks19
\eqnshift@=\dimen142
\alignsep@=\dimen143
\tagshift@=\dimen144
\tagwidth@=\dimen145
\totwidth@=\dimen146
\lineht@=\dimen147
\@envbody=\toks20
\multlinegap=\skip50
\multlinetaggap=\skip51
\mathdisplay@stack=\toks21
LaTeX Info: Redefining \[ on input line 2665.
LaTeX Info: Redefining \] on input line 2666.
)
(P:/MiKTeX/libraries/miktex-portable-current/tex\latex\float\float.sty
Package: float 2001/11/08 v1.3d Float enhancements (AL)
\c@float@type=\count136
\float@exts=\toks22
\float@box=\box43
\@float@everytoks=\toks23
\@floatcapt=\box44
)
(P:/MiKTeX/libraries/miktex-portable-current/tex\latex\hyperref\hyperref.sty
Package: hyperref 2012/11/06 v6.83m Hypertext links for LaTeX

(P:/MiKTeX/libraries/miktex-portable-current/tex\generic\oberdiek\hobsub-hyperr
ef.sty
Package: hobsub-hyperref 2012/04/25 v1.12 Bundle oberdiek, subset hyperref (HO)


(P:/MiKTeX/libraries/miktex-portable-current/tex\generic\oberdiek\hobsub-generi
c.sty
Package: hobsub-generic 2012/04/25 v1.12 Bundle oberdiek, subset generic (HO)
Package: hobsub 2012/04/25 v1.12 Construct package bundles (HO)
Package hobsub Info: Skipping package `infwarerr' (already loaded).
Package hobsub Info: Skipping package `ltxcmds' (already loaded).
Package: ifluatex 2010/03/01 v1.3 Provides the ifluatex switch (HO)
Package ifluatex Info: LuaTeX not detected.
Package: ifvtex 2010/03/01 v1.5 Detect VTeX and its facilities (HO)
Package ifvtex Info: VTeX not detected.
Package: intcalc 2007/09/27 v1.1 Expandable calculations with integers (HO)
Package hobsub Info: Skipping package `ifpdf' (already loaded).
Package: etexcmds 2011/02/16 v1.5 Avoid name clashes with e-TeX commands (HO)
Package etexcmds Info: Could not find \expanded.
(etexcmds)             That can mean that you are not using pdfTeX 1.50 or
(etexcmds)             that some package has redefined \expanded.
(etexcmds)             In the latter case, load this package earlier.
Package: kvsetkeys 2012/04/25 v1.16 Key value parser (HO)
Package: kvdefinekeys 2011/04/07 v1.3 Define keys (HO)
Package: pdftexcmds 2011/11/29 v0.20 Utility functions of pdfTeX for LuaTeX (HO
)
Package pdftexcmds Info: LuaTeX not detected.
Package pdftexcmds Info: pdfTeX >= 1.30 not detected.
Package pdftexcmds Info: \pdf@primitive is available.
Package pdftexcmds Info: \pdf@ifprimitive is available.
Package pdftexcmds Info: \pdfdraftmode not found.
Package: pdfescape 2011/11/25 v1.13 Implements pdfTeX's escape features (HO)
Package: bigintcalc 2012/04/08 v1.3 Expandable calculations on big integers (HO
)
Package: bitset 2011/01/30 v1.1 Handle bit-vector datatype (HO)
Package: uniquecounter 2011/01/30 v1.2 Provide unlimited unique counter (HO)
)
Package hobsub Info: Skipping package `hobsub' (already loaded).
Package: letltxmacro 2010/09/02 v1.4 Let assignment for LaTeX macros (HO)
Package: hopatch 2011/06/24 v1.1 Wrapper for package hooks (HO)
Package: xcolor-patch 2011/01/30 xcolor patch
Package: atveryend 2011/06/30 v1.8 Hooks at the very end of document (HO)
Package hobsub Info: Skipping package `atbegshi' (already loaded).
Package: refcount 2011/10/16 v3.4 Data extraction from label references (HO)
Package: hycolor 2011/01/30 v1.7 Color options for hyperref/bookmark (HO)
)
(P:/MiKTeX/libraries/miktex-portable-current/tex\generic\ifxetex\ifxetex.sty
Package: ifxetex 2010/09/12 v0.6 Provides ifxetex conditional
)
(P:/MiKTeX/libraries/miktex-portable-current/tex\latex\oberdiek\auxhook.sty
Package: auxhook 2011/03/04 v1.3 Hooks for auxiliary files (HO)
)
(P:/MiKTeX/libraries/miktex-portable-current/tex\latex\oberdiek\kvoptions.sty
Package: kvoptions 2011/06/30 v3.11 Key value format for package options (HO)
)
\@linkdim=\dimen148
\Hy@linkcounter=\count137
\Hy@pagecounter=\count138

(P:/MiKTeX/libraries/miktex-portable-current/tex\latex\hyperref\pd1enc.def
File: pd1enc.def 2012/11/06 v6.83m Hyperref: PDFDocEncoding definition (HO)
)
\Hy@SavedSpaceFactor=\count139

(P:/MiKTeX/libraries/miktex-portable-current/tex\latex\00miktex\hyperref.cfg
File: hyperref.cfg 2002/06/06 v1.2 hyperref configuration of TeXLive
)
Package hyperref Info: Hyper figures OFF on input line 4443.
Package hyperref Info: Link nesting OFF on input line 4448.
Package hyperref Info: Hyper index ON on input line 4451.
Package hyperref Info: Plain pages OFF on input line 4458.
Package hyperref Info: Backreferencing OFF on input line 4463.
Package hyperref Info: Implicit mode ON; LaTeX internals redefined.
Package hyperref Info: Bookmarks ON on input line 4688.
\c@Hy@tempcnt=\count140

(P:/MiKTeX/libraries/miktex-portable-current/tex\latex\url\url.sty
\Urlmuskip=\muskip17
Package: url 2013/09/16  ver 3.4  Verb mode for urls, etc.
)
LaTeX Info: Redefining \url on input line 5041.
\XeTeXLinkMargin=\dimen149
Requested font "pzdr" at 0.00002pt
\Fld@menulength=\count141
\Field@Width=\dimen150
\Fld@charsize=\dimen151
Package hyperref Info: Hyper figures OFF on input line 6295.
Package hyperref Info: Link nesting OFF on input line 6300.
Package hyperref Info: Hyper index ON on input line 6303.
Package hyperref Info: backreferencing OFF on input line 6310.
Package hyperref Info: Link coloring OFF on input line 6315.
Package hyperref Info: Link coloring with OCG OFF on input line 6320.
Package hyperref Info: PDF/A mode OFF on input line 6325.
LaTeX Info: Redefining \ref on input line 6365.
LaTeX Info: Redefining \pageref on input line 6369.
\Hy@abspage=\count142
\c@Item=\count143
\c@Hfootnote=\count144
)

Package hyperref Message: Driver (autodetected): hxetex.

(P:/MiKTeX/libraries/miktex-portable-current/tex\latex\hyperref\hxetex.def
File: hxetex.def 2012/11/06 v6.83m Hyperref driver for XeTeX

(P:/MiKTeX/libraries/miktex-portable-current/tex\latex\hyperref\puenc.def
File: puenc.def 2012/11/06 v6.83m Hyperref: PDF Unicode definition (HO)
)
(P:/MiKTeX/libraries/miktex-portable-current/tex\generic\oberdiek\stringenc.sty
Package: stringenc 2011/12/02 v1.10 Convert strings between diff. encodings (HO
)
)
\pdfm@box=\box45
\c@Hy@AnnotLevel=\count145
\HyField@AnnotCount=\count146
\Fld@listcount=\count147
\c@bookmark@seq@number=\count148

(P:/MiKTeX/libraries/miktex-portable-current/tex\latex\oberdiek\rerunfilecheck.
sty
Package: rerunfilecheck 2011/04/15 v1.7 Rerun checks for auxiliary files (HO)
Package rerunfilecheck Info: Feature \pdfmdfivesum is not available
(rerunfilecheck)             (e.g. pdfTeX or LuaTeX with package `pdftexcmds').

(rerunfilecheck)             Therefore file contents cannot be checked efficien
tly
(rerunfilecheck)             and the loading of the package is aborted.
)
\Hy@SectionHShift=\skip52
)) (P:/MiKTeX/libraries/miktex-portable-current/tex\latex\framed\framed.sty
Package: framed 2011/10/22 v 0.96: framed or shaded text with page breaks
\OuterFrameSep=\skip53
\fb@frw=\dimen152
\fb@frh=\dimen153
\FrameRule=\dimen154
\FrameSep=\dimen155
) (P:/MiKTeX/libraries/miktex-portable-current/tex\latex\base\alltt.sty
Package: alltt 1997/06/16 v2.0g defines alltt environment
)
(P:/MiKTeX/libraries/miktex-portable-current/tex\latex\geometry\geometry.sty
Package: geometry 2010/09/12 v5.6 Page Geometry
\Gm@cnth=\count149
\Gm@cntv=\count150
\c@Gm@tempcnt=\count151
\Gm@bindingoffset=\dimen156
\Gm@wd@mp=\dimen157
\Gm@odd@mp=\dimen158
\Gm@even@mp=\dimen159
\Gm@layoutwidth=\dimen160
\Gm@layoutheight=\dimen161
\Gm@layouthoffset=\dimen162
\Gm@layoutvoffset=\dimen163
\Gm@dimlist=\toks24

(P:/MiKTeX/libraries/miktex-portable-current/tex\xelatex\xetexconfig\geometry.c
fg)) ("C:\Program Files\MiKTeX 2.9\tex\latex\booktabs\booktabs.sty"
Package: booktabs 2005/04/14 v1.61803 publication quality tables
\heavyrulewidth=\dimen164
\lightrulewidth=\dimen165
\cmidrulewidth=\dimen166
\belowrulesep=\dimen167
\belowbottomsep=\dimen168
\aboverulesep=\dimen169
\abovetopsep=\dimen170
\cmidrulesep=\dimen171
\cmidrulekern=\dimen172
\defaultaddspace=\dimen173
\@cmidla=\count152
\@cmidlb=\count153
\@aboverulesep=\dimen174
\@belowrulesep=\dimen175
\@thisruleclass=\count154
\@lastruleclass=\count155
\@thisrulewidth=\dimen176
)
(P:/MiKTeX/libraries/miktex-portable-current/tex\latex\multirow\multirow.sty
\bigstrutjot=\dimen177
)
(P:/MiKTeX/libraries/miktex-portable-current/tex\latex\colortbl\colortbl.sty
Package: colortbl 2012/02/13 v1.0a Color table columns (DPC)

(P:/MiKTeX/libraries/miktex-portable-current/tex\latex\tools\array.sty
Package: array 2008/09/09 v2.4c Tabular extension package (FMi)
\col@sep=\dimen178
\extrarowheight=\dimen179
\NC@list=\toks25
\extratabsurround=\skip54
\backup@length=\skip55
)
\everycr=\toks26
\minrowclearance=\skip56
)
("C:\Program Files\MiKTeX 2.9\tex\latex\ulem\ulem.sty"
\UL@box=\box46
\UL@hyphenbox=\box47
\UL@skip=\skip57
\UL@hook=\toks27
\UL@height=\dimen180
\UL@pe=\count156
\UL@pixel=\dimen181
\ULC@box=\box48
Requested font "lasy6" scaled 1000
Package: ulem 2012/05/18
\ULdepth=\dimen182
)
("C:\Program Files\MiKTeX 2.9\tex\latex\unicode-math\unicode-math.sty"
Package: unicode-math 2014/06/30 v0.7f Unicode maths in XeLaTeX and LuaLaTeX

(P:/MiKTeX/libraries/miktex-portable-current/tex\latex\l3packages\l3keys2e\l3ke
ys2e.sty
Package: l3keys2e 2014/06/10 v5105 LaTeX2e option processing using LaTeX3 keys
)
(P:/MiKTeX/libraries/miktex-portable-current/tex\generic\oberdiek\catchfile.sty
Package: catchfile 2011/03/01 v1.6 Catch the contents of a file (HO)
) (P:/MiKTeX/libraries/miktex-portable-current/tex\latex\base\fix-cm.sty
Package: fix-cm 2006/09/13 v1.1m fixes to LaTeX

(P:/MiKTeX/libraries/miktex-portable-current/tex\latex\base\ts1enc.def
File: ts1enc.def 2001/06/05 v3.0e (jk/car/fm) Standard LaTeX file
))
(P:/MiKTeX/libraries/miktex-portable-current/tex\latex\filehook\filehook.sty
Package: filehook 2011/10/12 v0.5d Hooks for input files
)
Variant \tl_put_right:cx already defined; not changing it on line 67
Variant \seq_if_in:NVTF already defined; not changing it on line 68
\g_um_fam_int=\count157
.................................................
. LaTeX info: "xparse/define-command"
. 
. Defining document command \unimathsetup with arg. spec. 'm' on line 156.
.................................................

("C:\Program Files\MiKTeX 2.9\tex\latex\unicode-math\unicode-math-xetex.sty"
.................................................
. LaTeX info: "xparse/define-command"
. 
. Defining document command \setmathfont with arg. spec. 'O{}m' on line 384.
.................................................
.................................................
. LaTeX info: "xparse/define-command"
. 
. Defining document command \addnolimits with arg. spec. 'm' on line 627.
.................................................
.................................................
. LaTeX info: "xparse/define-command"
. 
. Defining document command \removenolimits with arg. spec. 'm' on line 631.
.................................................

("C:\Program Files\MiKTeX 2.9\tex\latex\unicode-math\unicode-math-table.tex")
\g_um_primekern_muskip=\muskip18
\l_um_primecount_int=\count158
.................................................
. unicode-math info: "patch-macro"
. 
. I'm going to patch macro \subarray.
.................................................
.................................................
. unicode-math info: "patch-macro"
. 
. I'm going to patch macro \r@@t.
.................................................
))
Requested font "Calibri/ICU" at 10.0pt
 -> ^^I^^E/Windows/Fonts/calibri.ttf
Requested font "Calibri/ICU" at 10.0pt
 -> ñ^^D/Windows/Fonts/calibri.ttf
Requested font "Calibri/ICU" at 10.0pt
 -> ^^O^^E/Windows/Fonts/calibri.ttf
Requested font "Calibri/B/ICU" at 10.0pt
 -> ^^R^^E/Windows/Fonts/calibrib.ttf
Requested font "Calibri/B/ICU" at 10.0pt
 -> 9^^E/Windows/Fonts/calibrib.ttf
Requested font "Calibri/ICU" at 10.0pt
 -> å^^D/Windows/Fonts/calibri.ttf
Requested font "Calibri/I/ICU" at 10.0pt
 -> ^^F^^E/Windows/Fonts/calibrii.ttf
Requested font "Calibri/I/ICU" at 10.0pt
 -> ^^L^^E/Windows/Fonts/calibrii.ttf
Requested font "Calibri/ICU" at 10.0pt
 -> ^^^^^E/Windows/Fonts/calibri.ttf
Requested font "Calibri/BI/ICU" at 10.0pt
 -> $^^E/Windows/Fonts/calibriz.ttf
Requested font "Calibri/BI/ICU" at 10.0pt
 -> 6^^E/Windows/Fonts/calibriz.ttf
.................................................
. fontspec info: "defining-font"
. 
. Font family 'Calibri(1)' created for font 'Calibri' with options
. [Mapping=tex-text].
. 
. This font family consists of the following shapes:
. 
. * 'normal' with NFSS spec.:
. <->"Calibri/ICU:script=latn;language=DFLT;mapping=tex-text;"
. 
. * 'small caps' with NFSS spec.:
. <->"Calibri/ICU:script=latn;language=DFLT;mapping=tex-text;+smcp;"
. 
. * 'bold' with NFSS spec.:
. <->"Calibri/B/ICU:script=latn;language=DFLT;mapping=tex-text;"
. 
. * 'bold small caps' with NFSS spec.:
. <->"Calibri/B/ICU:script=latn;language=DFLT;mapping=tex-text;+smcp;"
. 
. * 'italic' with NFSS spec.:
. <->"Calibri/I/ICU:script=latn;language=DFLT;mapping=tex-text;"
. 
. * 'italic small caps' with NFSS spec.:
. <->"Calibri/I/ICU:script=latn;language=DFLT;mapping=tex-text;+smcp;"
. 
. * 'bold italic' with NFSS spec.:
. <->"Calibri/BI/ICU:script=latn;language=DFLT;mapping=tex-text;"
. 
. * 'bold italic small caps' with NFSS spec.:
. <->"Calibri/BI/ICU:script=latn;language=DFLT;mapping=tex-text;+smcp;"
.................................................
Requested font "Calibri/ICU:script=latn;language=DFLT;mapping=tex-text;" at 10.
0pt
 -> Q^^E/Windows/Fonts/calibri.ttf
Requested font "Calibri/ICU" at 10.0pt
 -> ]^^E/Windows/Fonts/calibri.ttf
Requested font "Calibri/ICU" at 10.0pt
 -> `^^E/Windows/Fonts/calibri.ttf
*************************************************
* fontspec warning: "script-not-exist-latn"
* 
* Font 'Calibri' does not contain script 'Math'.
* 'Latin' script used instead.
*************************************************
Requested font "Calibri/ICU" at 10.0pt
 -> c^^E/Windows/Fonts/calibri.ttf
*************************************************
* fontspec warning: "icu-feature-not-exist-in-font"
* 
* OpenType feature 'Style=MathScript' (+ssty) not available for font 'Calibri'
* with script 'Math' and language 'Default'.
*************************************************
*************************************************
* fontspec warning: "icu-feature-not-exist-in-font"
* 
* OpenType feature 'Style=MathScriptScript' (+ssty) not available for font
* 'Calibri' with script 'Math' and language 'Default'.
*************************************************
*************************************************
* fontspec warning: "icu-feature-not-exist-in-font"
* 
* OpenType feature 'Style=MathScript' (+ssty) not available for font 'Calibri'
* with script 'Math' and language 'Default'.
*************************************************
*************************************************
* fontspec warning: "icu-feature-not-exist-in-font"
* 
* OpenType feature 'Style=MathScriptScript' (+ssty) not available for font
* 'Calibri' with script 'Math' and language 'Default'.
*************************************************
Requested font "Calibri/ICU" at 10.0pt
 -> ^^96^^E/Windows/Fonts/calibri.ttf
Requested font "Calibri/B/ICU" at 10.0pt
 -> ^^99^^E/Windows/Fonts/calibrib.ttf
Requested font "Calibri/B/ICU" at 10.0pt
 -> ^^9c^^E/Windows/Fonts/calibrib.ttf
*************************************************
* fontspec warning: "icu-feature-not-exist-in-font"
* 
* OpenType feature 'Style=MathScript' (+ssty) not available for font
* 'Calibri/B' with script 'Math' and language 'Default'.
*************************************************
*************************************************
* fontspec warning: "icu-feature-not-exist-in-font"
* 
* OpenType feature 'Style=MathScriptScript' (+ssty) not available for font
* 'Calibri/B' with script 'Math' and language 'Default'.
*************************************************
*************************************************
* fontspec warning: "icu-feature-not-exist-in-font"
* 
* OpenType feature 'Style=MathScript' (+ssty) not available for font
* 'Calibri/B' with script 'Math' and language 'Default'.
*************************************************
*************************************************
* fontspec warning: "icu-feature-not-exist-in-font"
* 
* OpenType feature 'Style=MathScriptScript' (+ssty) not available for font
* 'Calibri/B' with script 'Math' and language 'Default'.
*************************************************
.................................................
. fontspec info: "defining-font"
. 
. Font family 'Calibri(2)' created for font 'Calibri' with options
. [BoldItalicFont={},ItalicFont={},Script=Math,SizeFeatures={{Size=10-},{Size=7
-10,Font=Calibri,Style=MathScript},{Size=-7,Font=Calibri,Style=MathScriptScript
}},].
. 
. This font family consists of the following shapes:
. 
. * 'normal' with NFSS spec.:
. 
. <10->"Calibri/ICU:script=latn;language=DFLT;"<7-10>"Calibri/ICU:script=latn;l
anguage=DFLT;"<-7>"Calibri/ICU:script=latn;language=DFLT;"
. 
. * 'small caps' with NFSS spec.:
. 
. <10->"Calibri/ICU:script=latn;language=DFLT;+smcp;"<7-10>"Calibri/ICU:script=
latn;language=DFLT;+smcp;"<-7>"Calibri/ICU:script=latn;language=DFLT;+smcp;"
. 
. * 'bold' with NFSS spec.:
. 
. <10->"Calibri/B/ICU:script=latn;language=DFLT;"<7-10>"Calibri/ICU:script=latn
;language=DFLT;"<-7>"Calibri/ICU:script=latn;language=DFLT;"
. 
. * 'bold small caps' with NFSS spec.:
. 
. <10->"Calibri/B/ICU:script=latn;language=DFLT;+smcp;"<7-10>"Calibri/ICU:scrip
t=latn;language=DFLT;+smcp;"<-7>"Calibri/ICU:script=latn;language=DFLT;+smcp;"
.................................................
Requested font "Calibri/ICU:script=latn;language=DFLT;" at 10.0pt
 -> Ò^^E/Windows/Fonts/calibri.ttf
Requested font "Calibri/ICU:script=latn;language=DFLT;" at 10.0pt
 -> Ø^^E/Windows/Fonts/calibri.ttf
\symum_fam1=\mathgroup4
LaTeX Font Info:    Overwriting symbol font `um_fam1' in version `normal'
(Font)                  EU1/Calibri(2)/m/n --> EU1/Calibri(2)/m/n on input line
 81.
LaTeX Font Info:    Overwriting symbol font `um_fam1' in version `bold'
(Font)                  EU1/Calibri(2)/m/n --> EU1/Calibri(2)/bx/n on input lin
e 81.
Requested font "Calibri-Italic/ICU" at 10.0pt
 -> Ì^^E/Windows/Fonts/calibrii.ttf
Requested font "Calibri-Italic/ICU" at 10.0pt
 -> Û^^E/Windows/Fonts/calibrii.ttf
*************************************************
* fontspec warning: "script-not-exist-latn"
* 
* Font 'Calibri-Italic' does not contain script 'Math'.
* 'Latin' script used instead.
*************************************************
\g_fontspec_family_Calibri-Italic_int=\count159
Requested font "Calibri-Italic/ICU" at 10.0pt
 -> Þ^^E/Windows/Fonts/calibrii.ttf
*************************************************
* fontspec warning: "icu-feature-not-exist-in-font"
* 
* OpenType feature 'Style=MathScript' (+ssty) not available for font
* 'Calibri-Italic' with script 'Math' and language 'Default'.
*************************************************
*************************************************
* fontspec warning: "icu-feature-not-exist-in-font"
* 
* OpenType feature 'Style=MathScriptScript' (+ssty) not available for font
* 'Calibri-Italic' with script 'Math' and language 'Default'.
*************************************************
*************************************************
* fontspec warning: "icu-feature-not-exist-in-font"
* 
* OpenType feature 'Style=MathScript' (+ssty) not available for font
* 'Calibri-Italic' with script 'Math' and language 'Default'.
*************************************************
*************************************************
* fontspec warning: "icu-feature-not-exist-in-font"
* 
* OpenType feature 'Style=MathScriptScript' (+ssty) not available for font
* 'Calibri-Italic' with script 'Math' and language 'Default'.
*************************************************
Requested font "Calibri-Italic/ICU" at 10.0pt
 -> ^^Q^^F/Windows/Fonts/calibrii.ttf
Requested font "Calibri-Italic/B/ICU" at 10.0pt
 -> ^^T^^F/Windows/Fonts/calibriz.ttf
Requested font "Calibri-Italic/B/ICU" at 10.0pt
 -> ^^W^^F/Windows/Fonts/calibriz.ttf
*************************************************
* fontspec warning: "icu-feature-not-exist-in-font"
* 
* OpenType feature 'Style=MathScript' (+ssty) not available for font
* 'Calibri-Italic/B' with script 'Math' and language 'Default'.
*************************************************
*************************************************
* fontspec warning: "icu-feature-not-exist-in-font"
* 
* OpenType feature 'Style=MathScriptScript' (+ssty) not available for font
* 'Calibri-Italic/B' with script 'Math' and language 'Default'.
*************************************************
*************************************************
* fontspec warning: "icu-feature-not-exist-in-font"
* 
* OpenType feature 'Style=MathScript' (+ssty) not available for font
* 'Calibri-Italic/B' with script 'Math' and language 'Default'.
*************************************************
*************************************************
* fontspec warning: "icu-feature-not-exist-in-font"
* 
* OpenType feature 'Style=MathScriptScript' (+ssty) not available for font
* 'Calibri-Italic/B' with script 'Math' and language 'Default'.
*************************************************
.................................................
. fontspec info: "defining-font"
. 
. Font family 'Calibri-Italic(0)' created for font 'Calibri-Italic' with
. options
. [BoldItalicFont={},ItalicFont={},Script=Math,SizeFeatures={{Size=10-},{Size=7
-10,Font=Calibri-Italic,Style=MathScript},{Size=-7,Font=Calibri-Italic,Style=Ma
thScriptScript}},].
. 
. This font family consists of the following shapes:
. 
. * 'normal' with NFSS spec.:
. 
. <10->"Calibri-Italic/ICU:script=latn;language=DFLT;"<7-10>"Calibri-Italic/ICU
:script=latn;language=DFLT;"<-7>"Calibri-Italic/ICU:script=latn;language=DFLT;"

. 
. * 'small caps' with NFSS spec.:
. 
. <10->"Calibri-Italic/ICU:script=latn;language=DFLT;+smcp;"<7-10>"Calibri-Ital
ic/ICU:script=latn;language=DFLT;+smcp;"<-7>"Calibri-Italic/ICU:script=latn;lan
guage=DFLT;+smcp;"
. 
. * 'bold' with NFSS spec.:
. 
. <10->"Calibri-Italic/B/ICU:script=latn;language=DFLT;"<7-10>"Calibri-Italic/I
CU:script=latn;language=DFLT;"<-7>"Calibri-Italic/ICU:script=latn;language=DFLT
;"
. 
. * 'bold small caps' with NFSS spec.:
. 
. <10->"Calibri-Italic/B/ICU:script=latn;language=DFLT;+smcp;"<7-10>"Calibri-It
alic/ICU:script=latn;language=DFLT;+smcp;"<-7>"Calibri-Italic/ICU:script=latn;l
anguage=DFLT;+smcp;"
.................................................
Requested font "Calibri-Italic/ICU:script=latn;language=DFLT;" at 10.0pt
 -> M^^F/Windows/Fonts/calibrii.ttf
Requested font "Calibri-Italic/ICU:script=latn;language=DFLT;" at 10.0pt
 -> S^^F/Windows/Fonts/calibrii.ttf
\symum_fam2=\mathgroup5
LaTeX Font Info:    Overwriting symbol font `um_fam2' in version `normal'
(Font)                  EU1/Calibri-Italic(0)/m/n --> EU1/Calibri-Italic(0)/m/n
 on input line 82.
LaTeX Font Info:    Overwriting symbol font `um_fam2' in version `bold'
(Font)                  EU1/Calibri-Italic(0)/m/n --> EU1/Calibri-Italic(0)/bx/
n on input line 82.
("C:\Program Files\MiKTeX 2.9\tex\latex\upquote\upquote.sty"
Package: upquote 2012/04/19 v1.3 upright-quote and grave-accent glyphs in verba
tim

(P:/MiKTeX/libraries/miktex-portable-current/tex\latex\base\textcomp.sty
Package: textcomp 2005/09/27 v1.99g Standard LaTeX package
Package textcomp Info: Sub-encoding information:
(textcomp)               5 = only ISO-Adobe without \textcurrency
(textcomp)               4 = 5 + \texteuro
(textcomp)               3 = 4 + \textohm
(textcomp)               2 = 3 + \textestimated + \textcurrency
(textcomp)               1 = TS1 - \textcircled - \t
(textcomp)               0 = TS1 (full)
(textcomp)             Font families with sub-encoding setting implement
(textcomp)             only a restricted character set as indicated.
(textcomp)             Family '?' is the default used for unknown fonts.
(textcomp)             See the documentation for details.
Package textcomp Info: Setting ? sub-encoding to TS1/1 on input line 71.

(P:/MiKTeX/libraries/miktex-portable-current/tex\latex\base\ts1enc.def
File: ts1enc.def 2001/06/05 v3.0e (jk/car/fm) Standard LaTeX file
LaTeX Font Info:    Redeclaring font encoding TS1 on input line 42.
)
LaTeX Info: Redefining \oldstylenums on input line 266.
Package textcomp Info: Setting cmr sub-encoding to TS1/0 on input line 281.
Package textcomp Info: Setting cmss sub-encoding to TS1/0 on input line 282.
Package textcomp Info: Setting cmtt sub-encoding to TS1/0 on input line 283.
Package textcomp Info: Setting cmvtt sub-encoding to TS1/0 on input line 284.
Package textcomp Info: Setting cmbr sub-encoding to TS1/0 on input line 285.
Package textcomp Info: Setting cmtl sub-encoding to TS1/0 on input line 286.
Package textcomp Info: Setting ccr sub-encoding to TS1/0 on input line 287.
Package textcomp Info: Setting ptm sub-encoding to TS1/4 on input line 288.
Package textcomp Info: Setting pcr sub-encoding to TS1/4 on input line 289.
Package textcomp Info: Setting phv sub-encoding to TS1/4 on input line 290.
Package textcomp Info: Setting ppl sub-encoding to TS1/3 on input line 291.
Package textcomp Info: Setting pag sub-encoding to TS1/4 on input line 292.
Package textcomp Info: Setting pbk sub-encoding to TS1/4 on input line 293.
Package textcomp Info: Setting pnc sub-encoding to TS1/4 on input line 294.
Package textcomp Info: Setting pzc sub-encoding to TS1/4 on input line 295.
Package textcomp Info: Setting bch sub-encoding to TS1/4 on input line 296.
Package textcomp Info: Setting put sub-encoding to TS1/5 on input line 297.
Package textcomp Info: Setting uag sub-encoding to TS1/5 on input line 298.
Package textcomp Info: Setting ugq sub-encoding to TS1/5 on input line 299.
Package textcomp Info: Setting ul8 sub-encoding to TS1/4 on input line 300.
Package textcomp Info: Setting ul9 sub-encoding to TS1/4 on input line 301.
Package textcomp Info: Setting augie sub-encoding to TS1/5 on input line 302.
Package textcomp Info: Setting dayrom sub-encoding to TS1/3 on input line 303.
Package textcomp Info: Setting dayroms sub-encoding to TS1/3 on input line 304.

Package textcomp Info: Setting pxr sub-encoding to TS1/0 on input line 305.
Package textcomp Info: Setting pxss sub-encoding to TS1/0 on input line 306.
Package textcomp Info: Setting pxtt sub-encoding to TS1/0 on input line 307.
Package textcomp Info: Setting txr sub-encoding to TS1/0 on input line 308.
Package textcomp Info: Setting txss sub-encoding to TS1/0 on input line 309.
Package textcomp Info: Setting txtt sub-encoding to TS1/0 on input line 310.
Package textcomp Info: Setting lmr sub-encoding to TS1/0 on input line 311.
Package textcomp Info: Setting lmdh sub-encoding to TS1/0 on input line 312.
Package textcomp Info: Setting lmss sub-encoding to TS1/0 on input line 313.
Package textcomp Info: Setting lmssq sub-encoding to TS1/0 on input line 314.
Package textcomp Info: Setting lmvtt sub-encoding to TS1/0 on input line 315.
Package textcomp Info: Setting qhv sub-encoding to TS1/0 on input line 316.
Package textcomp Info: Setting qag sub-encoding to TS1/0 on input line 317.
Package textcomp Info: Setting qbk sub-encoding to TS1/0 on input line 318.
Package textcomp Info: Setting qcr sub-encoding to TS1/0 on input line 319.
Package textcomp Info: Setting qcs sub-encoding to TS1/0 on input line 320.
Package textcomp Info: Setting qpl sub-encoding to TS1/0 on input line 321.
Package textcomp Info: Setting qtm sub-encoding to TS1/0 on input line 322.
Package textcomp Info: Setting qzc sub-encoding to TS1/0 on input line 323.
Package textcomp Info: Setting qhvc sub-encoding to TS1/0 on input line 324.
Package textcomp Info: Setting futs sub-encoding to TS1/4 on input line 325.
Package textcomp Info: Setting futx sub-encoding to TS1/4 on input line 326.
Package textcomp Info: Setting futj sub-encoding to TS1/4 on input line 327.
Package textcomp Info: Setting hlh sub-encoding to TS1/3 on input line 328.
Package textcomp Info: Setting hls sub-encoding to TS1/3 on input line 329.
Package textcomp Info: Setting hlst sub-encoding to TS1/3 on input line 330.
Package textcomp Info: Setting hlct sub-encoding to TS1/5 on input line 331.
Package textcomp Info: Setting hlx sub-encoding to TS1/5 on input line 332.
Package textcomp Info: Setting hlce sub-encoding to TS1/5 on input line 333.
Package textcomp Info: Setting hlcn sub-encoding to TS1/5 on input line 334.
Package textcomp Info: Setting hlcw sub-encoding to TS1/5 on input line 335.
Package textcomp Info: Setting hlcf sub-encoding to TS1/5 on input line 336.
Package textcomp Info: Setting pplx sub-encoding to TS1/3 on input line 337.
Package textcomp Info: Setting pplj sub-encoding to TS1/3 on input line 338.
Package textcomp Info: Setting ptmx sub-encoding to TS1/4 on input line 339.
Package textcomp Info: Setting ptmj sub-encoding to TS1/4 on input line 340.
))
("H:\My Documents\Git_Clone\KeyStats\knitr\KeyStats.aux")
LaTeX Font Info:    Checking defaults for OML/cmm/m/it on input line 88.
LaTeX Font Info:    ... okay on input line 88.
LaTeX Font Info:    Checking defaults for T1/cmr/m/n on input line 88.
LaTeX Font Info:    ... okay on input line 88.
LaTeX Font Info:    Checking defaults for OT1/cmr/m/n on input line 88.
LaTeX Font Info:    ... okay on input line 88.
LaTeX Font Info:    Checking defaults for OMS/cmsy/m/n on input line 88.
LaTeX Font Info:    ... okay on input line 88.
LaTeX Font Info:    Checking defaults for OMX/cmex/m/n on input line 88.
LaTeX Font Info:    ... okay on input line 88.
LaTeX Font Info:    Checking defaults for U/cmr/m/n on input line 88.
LaTeX Font Info:    ... okay on input line 88.
LaTeX Font Info:    Checking defaults for EU1/lmr/m/n on input line 88.
LaTeX Font Info:    ... okay on input line 88.
LaTeX Font Info:    Checking defaults for T3/cmr/m/n on input line 88.
LaTeX Font Info:    Try loading font information for T3+cmr on input line 88.

(P:/MiKTeX/libraries/miktex-portable-current/tex\latex\tipa\t3cmr.fd
File: t3cmr.fd 2001/12/31 TIPA font definitions
)
LaTeX Font Info:    ... okay on input line 88.
LaTeX Font Info:    Checking defaults for PD1/pdf/m/n on input line 88.
LaTeX Font Info:    ... okay on input line 88.
LaTeX Font Info:    Checking defaults for PU/pdf/m/n on input line 88.
LaTeX Font Info:    ... okay on input line 88.
LaTeX Font Info:    Checking defaults for TS1/cmr/m/n on input line 88.
LaTeX Font Info:    ... okay on input line 88.
\AtBeginShipoutBox=\box49
Package hyperref Info: Link coloring OFF on input line 88.

(P:/MiKTeX/libraries/miktex-portable-current/tex\latex\hyperref\nameref.sty
Package: nameref 2012/10/27 v2.43 Cross-referencing by name of section

(P:/MiKTeX/libraries/miktex-portable-current/tex\generic\oberdiek\gettitlestrin
g.sty
Package: gettitlestring 2010/12/03 v1.4 Cleanup title references (HO)
)
\c@section@level=\count160
)
LaTeX Info: Redefining \ref on input line 88.
LaTeX Info: Redefining \pageref on input line 88.
LaTeX Info: Redefining \nameref on input line 88.
 ("H:\My Documents\Git_Clone\KeyStats\knitr\KeyStats.out")
("H:\My Documents\Git_Clone\KeyStats\knitr\KeyStats.out")
\@outlinefile=\write3

*geometry* detected driver: pdftex
*geometry* verbose mode - [ preamble ] result:
* driver: pdftex
* paper: a4paper
* layout: <same size as paper>
* layoutoffset:(h,v)=(0.0pt,0.0pt)
* modes: 
* h-part:(L,W,R)=(31.29802pt, 526.376pt, 39.83385pt)
* v-part:(T,H,B)=(105.27519pt, 699.9378pt, 39.83385pt)
* \paperwidth=597.50787pt
* \paperheight=845.04684pt
* \textwidth=526.376pt
* \textheight=699.9378pt
* \oddsidemargin=-40.97197pt
* \evensidemargin=-40.97197pt
* \topmargin=-3.9948pt
* \headheight=12.0pt
* \headsep=25.0pt
* \topskip=10.0pt
* \footskip=30.0pt
* \marginparwidth=57.0pt
* \marginparsep=11.0pt
* \columnsep=10.0pt
* \skip\footins=9.0pt plus 4.0pt minus 2.0pt
* \hoffset=0.0pt
* \voffset=0.0pt
* \mag=1000
* \@twocolumnfalse
* \@twosidefalse
* \@mparswitchfalse
* \@reversemarginfalse
* (1in=72.27pt=25.4mm, 1cm=28.453pt)

Requested font "Calibri/ICU:script=latn;language=DFLT;mapping=tex-text;" at 14.
4pt
 -> G^^F/Windows/Fonts/calibri.ttf
Requested font "Calibri Bold/ICU:script=latn;language=DFLT;mapping=tex-text;" a
t 14.4pt
 -> _^^F/Windows/Fonts/calibrib.ttf

Underfull \hbox (badness 10000) in paragraph at lines 93--95

 []

Requested font "Arial" at 6.0pt
 -> ã^^F/Windows/Fonts/arial.ttf
Requested font "Arial/ICU" at 6.0pt
 -> Ñ^^F/Windows/Fonts/arial.ttf
\g_fontspec_family_Arial_int=\count161
Requested font "Arial/ICU" at 6.0pt
 -> Ì^^H/Windows/Fonts/arial.ttf
Requested font "Arial/ICU" at 6.0pt
 -> Ï^^H/Windows/Fonts/arial.ttf
Requested font "Arial/B/ICU" at 6.0pt
 -> Ò^^H/Windows/Fonts/arialbd.ttf
Requested font "Arial/B/ICU" at 6.0pt
 -> Ø^^H/Windows/Fonts/arialbd.ttf
Requested font "Arial/ICU" at 6.0pt
 -> Û^^H/Windows/Fonts/arial.ttf
Requested font "Arial/I/ICU" at 6.0pt
 -> Þ^^H/Windows/Fonts/ariali.ttf
Requested font "Arial/I/ICU" at 6.0pt
 -> ä^^H/Windows/Fonts/ariali.ttf
Requested font "Arial/ICU" at 6.0pt
 -> ç^^H/Windows/Fonts/arial.ttf
Requested font "Arial/BI/ICU" at 6.0pt
 -> ê^^H/Windows/Fonts/arialbi.ttf
Requested font "Arial/BI/ICU" at 6.0pt
 -> ð^^H/Windows/Fonts/arialbi.ttf
.................................................
. fontspec info: "defining-font"
. 
. Font family 'Arial(0)' created for font 'Arial' with options [].
. 
. This font family consists of the following shapes:
. 
. * 'normal' with NFSS spec.:
. <->"Arial/ICU:script=latn;language=DFLT;"
. 
. * 'bold' with NFSS spec.:
. <->"Arial/B/ICU:script=latn;language=DFLT;"
. 
. * 'italic' with NFSS spec.:
. <->"Arial/I/ICU:script=latn;language=DFLT;"
. 
. * 'bold italic' with NFSS spec.:
. <->"Arial/BI/ICU:script=latn;language=DFLT;"
.................................................
Requested font "Calibri/ICU:script=latn;language=DFLT;mapping=tex-text;" at 6.0
pt
 -> ó^^H/Windows/Fonts/calibri.ttf
Requested font "Calibri/ICU:script=latn;language=DFLT;mapping=tex-text;" at 7.0
pt
 -> ÿ^^H/Windows/Fonts/calibri.ttf
Requested font "cmex7" at 7.0pt
Requested font "cmex7" at 5.0pt
Requested font "Calibri/ICU:script=latn;language=DFLT;" at 7.0pt
 -> ^^N^^I/Windows/Fonts/calibri.ttf
Requested font "Calibri/ICU:script=latn;language=DFLT;" at 5.0pt
 -> ^^T^^I/Windows/Fonts/calibri.ttf
Requested font "Calibri-Italic/ICU:script=latn;language=DFLT;" at 7.0pt
 -> ^^Z^^I/Windows/Fonts/calibrii.ttf
Requested font "Calibri-Italic/ICU:script=latn;language=DFLT;" at 5.0pt
 ->  ^^I/Windows/Fonts/calibrii.ttf
Requested font "Calibri Bold/ICU:script=latn;language=DFLT;mapping=tex-text;" a
t 7.0pt
 -> #^^I/Windows/Fonts/calibrib.ttf
("H:\My Documents\Git_Clone\KeyStats\outputs\IVA_title.txt"
Requested font "Calibri Bold/ICU:script=latn;language=DFLT;mapping=tex-text;" a
t 9.0pt
 -> /^^I/Windows/Fonts/calibrib.ttf
Requested font "cmr9" at 9.0pt
Requested font "cmr6" at 6.0pt
Requested font "cmmi9" at 9.0pt
Requested font "cmmi6" at 6.0pt
Requested font "cmsy9" at 9.0pt
Requested font "cmsy6" at 6.0pt
Requested font "cmex9" at 9.0pt
Requested font "cmex7" at 6.0pt
Requested font "Calibri/ICU:script=latn;language=DFLT;" at 9.0pt
 -> J^^I/Windows/Fonts/calibri.ttf
Requested font "Calibri/ICU:script=latn;language=DFLT;" at 6.0pt
 -> P^^I/Windows/Fonts/calibri.ttf
Requested font "Calibri-Italic/ICU:script=latn;language=DFLT;" at 9.0pt
 -> V^^I/Windows/Fonts/calibrii.ttf
Requested font "Calibri-Italic/ICU:script=latn;language=DFLT;" at 6.0pt
 -> \^^I/Windows/Fonts/calibrii.ttf
)
("H:\My Documents\Git_Clone\KeyStats\outputs\IVE_title.txt"
! Double superscript.
l.1 \small Internatonal Visitor Expenditure$^*^
                                               2$ (Yearly ended at Q4 2014 )
I treat `x^1^2' essentially like `x^1{}^2'.

) ("H:\My Documents\Git_Clone\KeyStats\outputs\line_space.txt")
("H:\My Documents\Git_Clone\KeyStats\tables\iva_tot.tex")
Overfull \hbox (1.85677pt too wide) in paragraph at lines 3--124
[][]
 []


Underfull \hbox (badness 10000) in paragraph at lines 3--124

 []

("H:\My Documents\Git_Clone\KeyStats\tables\IVA_tab1.tex")
Overfull \hbox (2.47585pt too wide) in paragraph at lines 3--127
[][]
 []


Underfull \hbox (badness 10000) in paragraph at lines 3--127

 []

("H:\My Documents\Git_Clone\KeyStats\outputs\note_1.txt")
("H:\My Documents\Git_Clone\KeyStats\outputs\line_space.txt")
("H:\My Documents\Git_Clone\KeyStats\tables\IVA_tab2.tex")
("H:\My Documents\Git_Clone\KeyStats\outputs\line_space.txt"
Overfull \hbox (1.85677pt too wide) in paragraph at lines 3--1
[][]
 []


Underfull \hbox (badness 10000) in paragraph at lines 3--1

 []

) ("H:\My Documents\Git_Clone\KeyStats\tables\IVA_los.tex")
("H:\My Documents\Git_Clone\KeyStats\outputs\line_space.txt"
Overfull \hbox (2.91179pt too wide) in paragraph at lines 142--1
[] []
 []


Underfull \hbox (badness 10000) in paragraph at lines 142--1

 []

) ("H:\My Documents\Git_Clone\KeyStats\outputs\line_space.txt")
("H:\My Documents\Git_Clone\KeyStats\tables\ive_exp_tab0.tex")
("H:\My Documents\Git_Clone\KeyStats\outputs\line_space.txt"
Overfull \hbox (1.85721pt too wide) in paragraph at lines 3--1
[][]
 []


Underfull \hbox (badness 10000) in paragraph at lines 3--1

 []

) ("H:\My Documents\Git_Clone\KeyStats\tables\IVE_tab1.tex")
("H:\My Documents\Git_Clone\KeyStats\outputs\line_space.txt"
Overfull \hbox (1.85721pt too wide) in paragraph at lines 3--1
[][]
 []


Underfull \hbox (badness 10000) in paragraph at lines 3--1

 []

) ("H:\My Documents\Git_Clone\KeyStats\tables\IVE_tab3.tex")
("H:\My Documents\Git_Clone\KeyStats\outputs\ive_note_1.txt")
Overfull \hbox (1.85721pt too wide) in paragraph at lines 3--167
[][]
 []

("H:\My Documents\Git_Clone\KeyStats\outputs\accom_title.txt")
("H:\My Documents\Git_Clone\KeyStats\outputs\fcst_title.txt")
("H:\My Documents\Git_Clone\KeyStats\outputs\line_space.txt")
("H:\My Documents\Git_Clone\KeyStats\tables\Accom_tab1.tex")
Overfull \hbox (1.85677pt too wide) in paragraph at lines 3--181
[][]
 []


Underfull \hbox (badness 10000) in paragraph at lines 3--181

 []

("H:\My Documents\Git_Clone\KeyStats\tables\Accom_tab2.tex")
Overfull \hbox (1.85677pt too wide) in paragraph at lines 3--184
[][]
 []


Underfull \hbox (badness 10000) in paragraph at lines 3--184

 []

("H:\My Documents\Git_Clone\KeyStats\outputs\line_space.txt")
("H:\My Documents\Git_Clone\KeyStats\tables\Fcst_tab1.tex")
Overfull \hbox (1.85721pt too wide) in paragraph at lines 3--192
[][]
 []


Underfull \hbox (badness 10000) in paragraph at lines 3--192

 []

("H:\My Documents\Git_Clone\KeyStats\tables\Fcst_tab2.tex")
Overfull \hbox (1.85721pt too wide) in paragraph at lines 3--199
[][]
 []

("H:\My Documents\Git_Clone\KeyStats\outputs\NZ_out_title.txt")
("H:\My Documents\Git_Clone\KeyStats\outputs\rte_title.txt")
("H:\My Documents\Git_Clone\KeyStats\outputs\line_space.txt")
("H:\My Documents\Git_Clone\KeyStats\tables\NZ_out_tab1.tex")
Overfull \hbox (2.91179pt too wide) in paragraph at lines 210--215
[]| []
 []


Underfull \hbox (badness 10000) in paragraph at lines 210--215

 []

("H:\My Documents\Git_Clone\KeyStats\tables\NZ_out_tab2.tex")
("H:\My Documents\Git_Clone\KeyStats\outputs\line_space.txt"
Overfull \hbox (1.85677pt too wide) in paragraph at lines 3--1
[][]
 []


Underfull \hbox (badness 10000) in paragraph at lines 3--1

 []

) ("H:\My Documents\Git_Clone\KeyStats\outputs\line_space.txt")
("H:\My Documents\Git_Clone\KeyStats\tables\RTE_tab1.tex")
Overfull \hbox (3.09445pt too wide) in paragraph at lines 3--234
[][]
 []

("H:\My Documents\Git_Clone\KeyStats\outputs\ec_title.txt")
("H:\My Documents\Git_Clone\KeyStats\outputs\line_space.txt")
("H:\My Documents\Git_Clone\KeyStats\tables\EC_exp_tab1.tex")
Overfull \hbox (1.85634pt too wide) in paragraph at lines 3--246
[][]
 []


Underfull \hbox (badness 10000) in paragraph at lines 3--246

 []

("H:\My Documents\Git_Clone\KeyStats\outputs\EC_comment_1.txt")
("H:\My Documents\Git_Clone\KeyStats\outputs\EC_comment_2.txt")
("H:\My Documents\Git_Clone\KeyStats\outputs\EC_comment_3.txt")
("H:\My Documents\Git_Clone\KeyStats\outputs\line_space.txt")
("H:\My Documents\Git_Clone\KeyStats\outputs\Data_S_1.txt")
("H:\My Documents\Git_Clone\KeyStats\outputs\Data_S_2.txt")
("H:\My Documents\Git_Clone\KeyStats\outputs\Data_S_3.txt")
("H:\My Documents\Git_Clone\KeyStats\outputs\Data_S_4.txt")
("H:\My Documents\Git_Clone\KeyStats\outputs\Data_S_5.txt")
("H:\My Documents\Git_Clone\KeyStats\outputs\Data_S_6.txt")
("H:\My Documents\Git_Clone\KeyStats\outputs\Data_S_7.txt")
("H:\My Documents\Git_Clone\KeyStats\outputs\Data_S_8.txt"
LaTeX Font Info:    Try loading font information for EU1+lmtt on input line 2.

(P:/MiKTeX/libraries/miktex-portable-current/tex\latex\euenc\eu1lmtt.fd
File: eu1lmtt.fd 2009/10/30 v1.6 Font defs for Latin Modern
)
Requested font "[lmmono8-regular]" at 6.0pt
 -> P:/MiKTeX/libraries/miktex-portable-current/fonts/opentype/public/lm/lmmono
8-regular.otf
)
Overfull \hbox (5.27092pt too wide) in paragraph at lines 102--303
 [][] 
 []

File: ../figures/KTS_Page2_Plot.pdf Graphic file (type QTm)
<use  "../figures/KTS_Page2_Plot.pdf" >
Package atveryend Info: Empty hook `BeforeClearDocument' on input line 308.
File: MBIE_generic_background.pdf Graphic file (type QTm)
 <use  "MBIE_generic_background.pdf" >
(P:/MiKTeX/libraries/miktex-portable-current/tex\generic\oberdiek\se-ascii-prin
t.def
File: se-ascii-print.def 2011/12/02 v1.10 stringenc: Printable ASCII characters

) [1

]
Overfull \vbox (22.06044pt too high) has occurred while \output is active []

File: MBIE_generic_background.pdf Graphic file (type QTm)

<use  "MBIE_generic_background.pdf" > [2]
Package atveryend Info: Empty hook `AfterLastShipout' on input line 308.

("H:\My Documents\Git_Clone\KeyStats\knitr\KeyStats.aux")
Package atveryend Info: Empty hook `AtVeryEndDocument' on input line 308.
Package atveryend Info: Empty hook `AtEndAfterFileList' on input line 308.
 ) 
Here is how much of TeX's memory you used:
 25982 strings out of 428974
 455871 string characters out of 3164391
 562958 words of memory out of 3000000
 28916 multiletter control sequences out of 15000+200000
 7147 words of font info for 65 fonts, out of 3000000 for 9000
 912 hyphenation exceptions out of 8191
 53i,19n,54p,10461b,651s stack positions out of 5000i,500n,10000p,200000b,50000s

Output written on KeyStats.pdf (2 pages).
